#
# A fatal error has been detected by the Java Runtime Environment:
#
#  EXCEPTION_ACCESS_VIOLATION (0xc0000005) at pc=0x00000000625eb2ac, pid=4892, tid=17484
#
# JRE version: Java(TM) SE Runtime Environment (7.0_51-b13) (build 1.7.0_51-b13)
# Java VM: Java HotSpot(TM) 64-Bit Server VM (24.51-b03 mixed mode windows-amd64 compressed oops)
# Problematic frame:
# V  [jvm.dll+0x11b2ac]
#
# Failed to write core dump. Minidumps are not enabled by default on client versions of Windows
#
# If you would like to submit a bug report, please visit:
#   http://bugreport.sun.com/bugreport/crash.jsp
#

---------------  T H R E A D  ---------------

Current thread (0x000000000a0fd800):  JavaThread "AWT-EventQueue-0" [_thread_in_vm, id=17484, stack(0x000000000bd00000,0x000000000be00000)]

siginfo: ExceptionCode=0xc0000005, reading address 0x0000000000000000

Registers:
RAX=0x0000000000000000, RBX=0x000000000a0fd800, RCX=0x0000000000000d80, RDX=0x0000000000000000
RSP=0x000000000bdfcd50, RBP=0x00000000002ee2e8, RSI=0x0000000000000000, RDI=0x0000000000000000
R8 =0x0000000000000000, R9 =0x00000000eb848d70, R10=0x0000000000000004, R11=0x0000000062c1ba20
R12=0x000000000bdfcec8, R13=0x00000000bd518c00, R14=0x0000000000000000, R15=0x000000000a0fd800
RIP=0x00000000625eb2ac, EFLAGS=0x0000000000010246

Top of Stack: (sp=0x000000000bdfcd50)
0x000000000bdfcd50:   000000000bdfcd39 0000000800000001
0x000000000bdfcd60:   0000000002385200 000000006b0c1599
0x000000000bdfcd70:   000000000a0fd800 0000000000000000
0x000000000bdfcd80:   00000000086ed060 000000006296d91f
0x000000000bdfcd90:   000000000bdfcec8 00000000bd518c00
0x000000000bdfcda0:   000000000bdfcec8 000000006b0c2050
0x000000000bdfcdb0:   000000000a0fd9e8 00000000002ee2e8
0x000000000bdfcdc0:   00000000bd579f78 0000000000000000
0x000000000bdfcdd0:   00000000086cda00 0000000000000001
0x000000000bdfcde0:   00000000ebc62bd0 0000000002761a38
0x000000000bdfcdf0:   00000000bd518c08 00000000bd579f78
0x000000000bdfce00:   0000000000000000 000000000bdfcea0
0x000000000bdfce10:   0000000000000000 0000000002703acf
0x000000000bdfce20:   000000000bdfce20 00000000bd560849
0x000000000bdfce30:   000000000bdfce70 00000000bd567448
0x000000000bdfce40:   0000000000000000 00000000bd560860 

Instructions: (pc=0x00000000625eb2ac)
0x00000000625eb28c:   00 00 06 00 00 00 48 89 5c 24 20 48 89 7c 24 28
0x00000000625eb29c:   48 39 7b 08 74 0a 48 8d 4c 24 20 e8 24 fc 10 00
0x00000000625eb2ac:   48 8b 36 48 8b ce e8 b9 90 f3 ff 40 38 3d c2 19
0x00000000625eb2bc:   63 00 4c 63 e0 74 0a 33 c9 e8 06 d3 12 00 48 8b 


Register to memory mapping:

RAX=0x0000000000000000 is an unknown value
RBX=0x000000000a0fd800 is a thread
RCX=0x0000000000000d80 is an unknown value
RDX=0x0000000000000000 is an unknown value
RSP=0x000000000bdfcd50 is pointing into the stack for thread: 0x000000000a0fd800
RBP=0x00000000002ee2e8 is an unknown value
RSI=0x0000000000000000 is an unknown value
RDI=0x0000000000000000 is an unknown value
R8 =0x0000000000000000 is an unknown value
R9 =0x00000000eb848d70 is an oop
org.sqlite.NativeDB 
 - klass: 'org/sqlite/NativeDB'
R10=0x0000000000000004 is an unknown value
R11=0x0000000062c1ba20 is an unknown value
R12=0x000000000bdfcec8 is pointing into the stack for thread: 0x000000000a0fd800
R13=0x00000000bd518c00 is pointing into object: 0x00000000bd518bc0
{constMethod} 
 - klass: {other class}
 - constants:       0x00000000bd517e28 constant pool [128] for 'org/sqlite/NativeDB' cache=0x00000000bd5222b8
R14=0x0000000000000000 is an unknown value
R15=0x000000000a0fd800 is a thread


Stack: [0x000000000bd00000,0x000000000be00000],  sp=0x000000000bdfcd50,  free space=1011k
Native frames: (J=compiled Java code, j=interpreted, Vv=VM code, C=native code)
V  [jvm.dll+0x11b2ac]

Java frames: (J=compiled Java code, j=interpreted, Vv=VM code)
j  org.sqlite.NativeDB.prepare(Ljava/lang/String;)J+0
j  org.sqlite.DB.prepare(Lorg/sqlite/Stmt;)V+21
j  org.sqlite.PrepStmt.<init>(Lorg/sqlite/Conn;Ljava/lang/String;)V+15
j  org.sqlite.Conn.prepareStatement(Ljava/lang/String;III)Ljava/sql/PreparedStatement;+14
j  org.sqlite.Conn.prepareStatement(Ljava/lang/String;II)Ljava/sql/PreparedStatement;+5
j  org.sqlite.Conn.prepareStatement(Ljava/lang/String;)Ljava/sql/PreparedStatement;+8
j  Table.SearchKeyReleased(Ljava/awt/event/KeyEvent;)V+30
j  Table.access$700(LTable;Ljava/awt/event/KeyEvent;)V+2
j  Table$8.keyReleased(Ljava/awt/event/KeyEvent;)V+5
j  java.awt.Component.processKeyEvent(Ljava/awt/event/KeyEvent;)V+62
j  javax.swing.JComponent.processKeyEvent(Ljava/awt/event/KeyEvent;)V+2
j  java.awt.Component.processEvent(Ljava/awt/AWTEvent;)V+121
j  java.awt.Container.processEvent(Ljava/awt/AWTEvent;)V+18
j  java.awt.Component.dispatchEventImpl(Ljava/awt/AWTEvent;)V+581
j  java.awt.Container.dispatchEventImpl(Ljava/awt/AWTEvent;)V+42
j  java.awt.Component.dispatchEvent(Ljava/awt/AWTEvent;)V+2
j  java.awt.KeyboardFocusManager.redispatchEvent(Ljava/awt/Component;Ljava/awt/AWTEvent;)V+7
j  java.awt.DefaultKeyboardFocusManager.dispatchKeyEvent(Ljava/awt/event/KeyEvent;)Z+63
j  java.awt.DefaultKeyboardFocusManager.preDispatchKeyEvent(Ljava/awt/event/KeyEvent;)Z+140
j  java.awt.DefaultKeyboardFocusManager.typeAheadAssertions(Ljava/awt/Component;Ljava/awt/AWTEvent;)Z+154
j  java.awt.DefaultKeyboardFocusManager.dispatchEvent(Ljava/awt/AWTEvent;)Z+1548
j  java.awt.Component.dispatchEventImpl(Ljava/awt/AWTEvent;)V+144
j  java.awt.Container.dispatchEventImpl(Ljava/awt/AWTEvent;)V+42
j  java.awt.Window.dispatchEventImpl(Ljava/awt/AWTEvent;)V+19
j  java.awt.Component.dispatchEvent(Ljava/awt/AWTEvent;)V+2
j  java.awt.EventQueue.dispatchEventImpl(Ljava/awt/AWTEvent;Ljava/lang/Object;)V+41
j  java.awt.EventQueue.access$200(Ljava/awt/EventQueue;Ljava/awt/AWTEvent;Ljava/lang/Object;)V+3
j  java.awt.EventQueue$3.run()Ljava/lang/Void;+12
j  java.awt.EventQueue$3.run()Ljava/lang/Object;+1
v  ~StubRoutines::call_stub
j  java.security.AccessController.doPrivileged(Ljava/security/PrivilegedAction;Ljava/security/AccessControlContext;)Ljava/lang/Object;+0
j  java.security.ProtectionDomain$1.doIntersectionPrivilege(Ljava/security/PrivilegedAction;Ljava/security/AccessControlContext;Ljava/security/AccessControlContext;)Ljava/lang/Object;+28
j  java.security.ProtectionDomain$1.doIntersectionPrivilege(Ljava/security/PrivilegedAction;Ljava/security/AccessControlContext;)Ljava/lang/Object;+6
j  java.awt.EventQueue$4.run()Ljava/lang/Void;+11
j  java.awt.EventQueue$4.run()Ljava/lang/Object;+1
v  ~StubRoutines::call_stub
j  java.security.AccessController.doPrivileged(Ljava/security/PrivilegedAction;Ljava/security/AccessControlContext;)Ljava/lang/Object;+0
j  java.security.ProtectionDomain$1.doIntersectionPrivilege(Ljava/security/PrivilegedAction;Ljava/security/AccessControlContext;Ljava/security/AccessControlContext;)Ljava/lang/Object;+28
j  java.awt.EventQueue.dispatchEvent(Ljava/awt/AWTEvent;)V+73
j  java.awt.EventDispatchThread.pumpOneEventForFilters(I)V+245
j  java.awt.EventDispatchThread.pumpEventsForFilter(ILjava/awt/Conditional;Ljava/awt/EventFilter;)V+35
j  java.awt.EventDispatchThread.pumpEventsForHierarchy(ILjava/awt/Conditional;Ljava/awt/Component;)V+11
j  java.awt.EventDispatchThread.pumpEvents(ILjava/awt/Conditional;)V+4
j  java.awt.EventDispatchThread.pumpEvents(Ljava/awt/Conditional;)V+3
j  java.awt.EventDispatchThread.run()V+9
v  ~StubRoutines::call_stub

---------------  P R O C E S S  ---------------

Java Threads: ( => current thread )
  0x000000000a3c6800 JavaThread "TimerQueue" daemon [_thread_blocked, id=17740, stack(0x000000000cd50000,0x000000000ce50000)]
  0x00000000024ee000 JavaThread "DestroyJavaVM" [_thread_blocked, id=17684, stack(0x0000000002550000,0x0000000002650000)]
=>0x000000000a0fd800 JavaThread "AWT-EventQueue-0" [_thread_in_vm, id=17484, stack(0x000000000bd00000,0x000000000be00000)]
  0x000000000a0f1800 JavaThread "AWT-Windows" daemon [_thread_in_native, id=9916, stack(0x000000000a8a0000,0x000000000a9a0000)]
  0x000000000a0f1000 JavaThread "AWT-Shutdown" [_thread_blocked, id=17644, stack(0x000000000a6f0000,0x000000000a7f0000)]
  0x000000000a0f0800 JavaThread "Java2D Disposer" daemon [_thread_blocked, id=17016, stack(0x000000000a5c0000,0x000000000a6c0000)]
  0x00000000086d8800 JavaThread "Service Thread" daemon [_thread_blocked, id=17704, stack(0x0000000009fe0000,0x000000000a0e0000)]
  0x00000000086d6800 JavaThread "C2 CompilerThread1" daemon [_thread_blocked, id=17728, stack(0x0000000009ea0000,0x0000000009fa0000)]
  0x00000000086d1800 JavaThread "C2 CompilerThread0" daemon [_thread_blocked, id=17724, stack(0x0000000009d20000,0x0000000009e20000)]
  0x00000000086d0800 JavaThread "Attach Listener" daemon [_thread_blocked, id=17696, stack(0x0000000009be0000,0x0000000009ce0000)]
  0x00000000086c9800 JavaThread "Signal Dispatcher" daemon [_thread_blocked, id=17716, stack(0x0000000009a60000,0x0000000009b60000)]
  0x0000000008677000 JavaThread "Finalizer" daemon [_thread_blocked, id=17680, stack(0x0000000009930000,0x0000000009a30000)]
  0x000000000866e000 JavaThread "Reference Handler" daemon [_thread_blocked, id=17744, stack(0x00000000097b0000,0x00000000098b0000)]

Other Threads:
  0x000000000866a800 VMThread [stack: 0x00000000095f0000,0x00000000096f0000] [id=17708]
  0x00000000086e9800 WatcherThread [stack: 0x0000000001db0000,0x0000000001eb0000] [id=17676]

VM state:not at safepoint (normal execution)

VM Mutex/Monitor currently owned by a thread: None

Heap
 PSYoungGen      total 18944K, used 8700K [0x00000000eb400000, 0x00000000ec900000, 0x0000000100000000)
  eden space 16384K, 53% used [0x00000000eb400000,0x00000000ebc7f2e8,0x00000000ec400000)
  from space 2560K, 0% used [0x00000000ec680000,0x00000000ec680000,0x00000000ec900000)
  to   space 2560K, 0% used [0x00000000ec400000,0x00000000ec400000,0x00000000ec680000)
 ParOldGen       total 42496K, used 0K [0x00000000c1c00000, 0x00000000c4580000, 0x00000000eb400000)
  object space 42496K, 0% used [0x00000000c1c00000,0x00000000c1c00000,0x00000000c4580000)
 PSPermGen       total 21504K, used 12508K [0x00000000bca00000, 0x00000000bdf00000, 0x00000000c1c00000)
  object space 21504K, 58% used [0x00000000bca00000,0x00000000bd6373a8,0x00000000bdf00000)

Card table byte_map: [0x00000000056f0000,0x0000000005910000] byte_map_base: 0x000000000510b000

Polling page: 0x0000000001b80000

Code Cache  [0x00000000026f0000, 0x0000000002960000, 0x00000000056f0000)
 total_blobs=486 nmethods=53 adapters=385 free_code_cache=48545Kb largest_free_block=49685440

Compilation events (10 events):
Event: 0.783 Thread 0x00000000086d1800   49             sun.java2d.loops.SurfaceType::getUniqueID (5 bytes)
Event: 0.784 Thread 0x00000000086d1800 nmethod 49 0x0000000002784d10 code [0x0000000002784e40, 0x0000000002784e98]
Event: 1.473 Thread 0x00000000086d6800   50             java.util.ArrayList::rangeCheck (22 bytes)
Event: 1.473 Thread 0x00000000086d1800   51             java.util.ArrayList::elementData (7 bytes)
Event: 1.474 Thread 0x00000000086d6800 nmethod 50 0x000000000278a0d0 code [0x000000000278a200, 0x000000000278a278]
Event: 1.475 Thread 0x00000000086d1800 nmethod 51 0x0000000002784890 code [0x00000000027849c0, 0x0000000002784a58]
Event: 2.905 Thread 0x00000000086d6800   52             java.util.ArrayList::get (11 bytes)
Event: 2.906 Thread 0x00000000086d6800 nmethod 52 0x00000000027845d0 code [0x0000000002784700, 0x0000000002784798]
Event: 4.938 Thread 0x00000000086d1800   53  s          sun.java2d.loops.GraphicsPrimitiveMgr::locatePrim (96 bytes)
Event: 4.960 Thread 0x00000000086d1800 nmethod 53 0x0000000002787b50 code [0x0000000002787d20, 0x0000000002788a48]

GC Heap History (0 events):
No events

Deoptimization events (6 events):
Event: 0.421 Thread 0x000000000a0fd800 Uncommon trap: reason=class_check action=maybe_recompile pc=0x00000000027632c4 method=java.lang.String.equals(Ljava/lang/Object;)Z @ 8
Event: 0.424 Thread 0x000000000a0fd800 Uncommon trap: reason=class_check action=maybe_recompile pc=0x00000000027632c4 method=java.lang.String.equals(Ljava/lang/Object;)Z @ 8
Event: 0.557 Thread 0x000000000a0fd800 Uncommon trap: reason=unloaded action=reinterpret pc=0x000000000277ce24 method=org.sqlite.SQLiteJDBCLoader.md5sum(Ljava/io/InputStream;)Ljava/lang/String; @ 35
Event: 0.558 Thread 0x000000000a0fd800 Uncommon trap: reason=unreached action=reinterpret pc=0x00000000027778dc method=sun.security.provider.DigestBase.engineUpdate(B)V @ 4
Event: 0.654 Thread 0x000000000a0fd800 Uncommon trap: reason=class_check action=maybe_recompile pc=0x00000000027632c4 method=java.lang.String.equals(Ljava/lang/Object;)Z @ 8
Event: 0.655 Thread 0x000000000a0fd800 Uncommon trap: reason=class_check action=maybe_recompile pc=0x00000000027632c4 method=java.lang.String.equals(Ljava/lang/Object;)Z @ 8

Internal exceptions (10 events):
Event: 0.442 Thread 0x000000000a0fd800 Threw 0x00000000eb804418 at C:\re\jdk7u51\527\hotspot\src\share\vm\prims\jvm.cpp:1244
Event: 0.442 Thread 0x000000000a0fd800 Threw 0x00000000eb80a0e0 at C:\re\jdk7u51\527\hotspot\src\share\vm\prims\jvm.cpp:1244
Event: 0.443 Thread 0x000000000a0fd800 Threw 0x00000000eb811888 at C:\re\jdk7u51\527\hotspot\src\share\vm\prims\jvm.cpp:1244
Event: 0.558 Thread 0x000000000a0fd800 Implicit null exception at 0x0000000002777274 to 0x00000000027778b9
Event: 0.636 Thread 0x000000000a0fd800 Threw 0x00000000eb846f70 at C:\re\jdk7u51\527\hotspot\src\share\vm\prims\jvm.cpp:1244
Event: 0.639 Thread 0x000000000a0fd800 Threw 0x00000000eb849ca8 at C:\re\jdk7u51\527\hotspot\src\share\vm\prims\jvm.cpp:1244
Event: 0.640 Thread 0x000000000a0fd800 Threw 0x00000000eb851978 at C:\re\jdk7u51\527\hotspot\src\share\vm\prims\jvm.cpp:1244
Event: 0.643 Thread 0x000000000a0fd800 Threw 0x00000000eb85c1a8 at C:\re\jdk7u51\527\hotspot\src\share\vm\prims\jvm.cpp:1244
Event: 0.647 Thread 0x000000000a0fd800 Threw 0x00000000eb867ae8 at C:\re\jdk7u51\527\hotspot\src\share\vm\prims\jvm.cpp:1244
Event: 0.650 Thread 0x000000000a0fd800 Threw 0x00000000eb870f40 at C:\re\jdk7u51\527\hotspot\src\share\vm\prims\jvm.cpp:1244

Events (10 events):
Event: 4.928 loading class 0x000000000a31bff0
Event: 4.929 loading class 0x000000000a31bff0 done
Event: 4.929 loading class 0x000000000a31dae0
Event: 4.929 loading class 0x000000000a31dae0 done
Event: 4.929 loading class 0x000000000a31d1b0
Event: 4.929 loading class 0x000000000a31d1b0 done
Event: 4.929 loading class 0x000000000a322150
Event: 4.930 loading class 0x000000000a322150 done
Event: 4.930 loading class 0x000000000a322180
Event: 4.930 loading class 0x000000000a322180 done


Dynamic libraries:
0x000000013fdb0000 - 0x000000013fde3000 	C:\Program Files\Java\jdk1.7.0_51\bin\java.exe
0x00000000771e0000 - 0x0000000077389000 	C:\Windows\SYSTEM32\ntdll.dll
0x0000000076fc0000 - 0x00000000770df000 	C:\Windows\system32\kernel32.dll
0x000007fefd0b0000 - 0x000007fefd11c000 	C:\Windows\system32\KERNELBASE.dll
0x000007fefe660000 - 0x000007fefe73b000 	C:\Windows\system32\ADVAPI32.dll
0x000007feff040000 - 0x000007feff0df000 	C:\Windows\system32\msvcrt.dll
0x000007fefeeb0000 - 0x000007fefeecf000 	C:\Windows\SYSTEM32\sechost.dll
0x000007feff2b0000 - 0x000007feff3dd000 	C:\Windows\system32\RPCRT4.dll
0x00000000770e0000 - 0x00000000771da000 	C:\Windows\system32\USER32.dll
0x000007feff0e0000 - 0x000007feff147000 	C:\Windows\system32\GDI32.dll
0x000007fefd8b0000 - 0x000007fefd8be000 	C:\Windows\system32\LPK.dll
0x000007fefe740000 - 0x000007fefe809000 	C:\Windows\system32\USP10.dll
0x000007fefbaa0000 - 0x000007fefbc94000 	C:\Windows\WinSxS\amd64_microsoft.windows.common-controls_6595b64144ccf1df_6.0.7601.17514_none_fa396087175ac9ac\COMCTL32.dll
0x000007fefd830000 - 0x000007fefd8a1000 	C:\Windows\system32\SHLWAPI.dll
0x000007fefea10000 - 0x000007fefea3e000 	C:\Windows\system32\IMM32.DLL
0x000007feff3e0000 - 0x000007feff4e9000 	C:\Windows\system32\MSCTF.dll
0x000000006e7e0000 - 0x000000006e8b2000 	C:\Program Files\Java\jdk1.7.0_51\jre\bin\msvcr100.dll
0x00000000624d0000 - 0x0000000062c99000 	C:\Program Files\Java\jdk1.7.0_51\jre\bin\server\jvm.dll
0x000007fef9ff0000 - 0x000007fef9ff9000 	C:\Windows\system32\WSOCK32.dll
0x000007fefefd0000 - 0x000007feff01d000 	C:\Windows\system32\WS2_32.dll
0x000007fefe650000 - 0x000007fefe658000 	C:\Windows\system32\NSI.dll
0x000007fefba30000 - 0x000007fefba6b000 	C:\Windows\system32\WINMM.dll
0x00000000773a0000 - 0x00000000773a7000 	C:\Windows\system32\PSAPI.DLL
0x000000006f100000 - 0x000000006f10f000 	C:\Program Files\Java\jdk1.7.0_51\jre\bin\verify.dll
0x000000006e970000 - 0x000000006e998000 	C:\Program Files\Java\jdk1.7.0_51\jre\bin\java.dll
0x000000006f070000 - 0x000000006f085000 	C:\Program Files\Java\jdk1.7.0_51\jre\bin\zip.dll
0x000000006b1e0000 - 0x000000006b375000 	C:\Program Files\Java\jdk1.7.0_51\jre\bin\awt.dll
0x000007fefe930000 - 0x000007fefea07000 	C:\Windows\system32\OLEAUT32.dll
0x000007fefd620000 - 0x000007fefd823000 	C:\Windows\system32\ole32.dll
0x000007fefb850000 - 0x000007fefb8a6000 	C:\Windows\system32\uxtheme.dll
0x0000000180000000 - 0x00000001800f5000 	C:\Windows\system32\pmls64.dll
0x000007fef9e00000 - 0x000007fef9e54000 	C:\Windows\system32\OLEACC.dll
0x000007fefd3f0000 - 0x000007fefd61d000 	C:\Windows\system32\WININET.dll
0x000007fefd340000 - 0x000007fefd344000 	C:\Windows\system32\api-ms-win-downlevel-user32-l1-1-0.dll
0x000007fefd170000 - 0x000007fefd175000 	C:\Windows\system32\api-ms-win-downlevel-advapi32-l1-1-0.dll
0x000007fefd180000 - 0x000007fefd184000 	C:\Windows\system32\api-ms-win-downlevel-shlwapi-l1-1-0.dll
0x000007fefd1c0000 - 0x000007fefd1c4000 	C:\Windows\system32\api-ms-win-downlevel-version-l1-1-0.dll
0x000007fefc280000 - 0x000007fefc28c000 	C:\Windows\system32\version.DLL
0x000007fefd190000 - 0x000007fefd193000 	C:\Windows\system32\api-ms-win-downlevel-normaliz-l1-1-0.dll
0x00000000773b0000 - 0x00000000773b3000 	C:\Windows\system32\normaliz.DLL
0x000007fefea40000 - 0x000007fefeccc000 	C:\Windows\system32\iertutil.dll
0x000007fefb400000 - 0x000007fefb42d000 	C:\Windows\system32\ntmarta.dll
0x000007fefef70000 - 0x000007fefefc2000 	C:\Windows\system32\WLDAP32.dll
0x000007fef4eb0000 - 0x000007fef4f85000 	C:\Program Files\Hewlett-Packard\HP ProtectTools Security Manager\Bin\DpoFeedb.dll
0x000007fefc300000 - 0x000007fefc31e000 	C:\Windows\system32\USERENV.dll
0x000007fefcfc0000 - 0x000007fefcfcf000 	C:\Windows\system32\profapi.dll
0x000007fefc530000 - 0x000007fefc588000 	C:\Windows\system32\Schannel.dll
0x000007fefcd60000 - 0x000007fefcd85000 	C:\Windows\system32\SspiCli.dll
0x000007fefd1d0000 - 0x000007fefd33c000 	C:\Windows\system32\CRYPT32.dll
0x000007fefd060000 - 0x000007fefd06f000 	C:\Windows\system32\MSASN1.dll
0x000007fef1ec0000 - 0x000007fef1ee8000 	C:\Program Files (x86)\Common Files\Spigot\Search Settings\wthx187.dll
0x000007fefd8c0000 - 0x000007fefe648000 	C:\Windows\system32\Shell32.dll
0x000007fefc730000 - 0x000007fefc785000 	C:\Windows\system32\mswsock.dll
0x000007fefc070000 - 0x000007fefc077000 	C:\Windows\System32\wshtcpip.dll
0x000007fefaf00000 - 0x000007fefaf18000 	C:\Windows\system32\dwmapi.dll
0x000007fefcfb0000 - 0x000007fefcfbf000 	C:\Windows\system32\CRYPTBASE.dll
0x000007fef4e50000 - 0x000007fef4ea7000 	C:\Program Files\Hewlett-Packard\HP ProtectTools Security Manager\Bin\DpoSet.dll
0x000000006e8e0000 - 0x000000006e927000 	C:\Program Files\Java\jdk1.7.0_51\jre\bin\fontmanager.dll
0x000007fef3eb0000 - 0x000007fef3efe000 	C:\Program Files (x86)\SafePCRepair_89\bar\1.bin\AppIntegratorStub64.dll
0x000007fefeed0000 - 0x000007fefef69000 	C:\Windows\system32\CLBCatQ.DLL
0x000007fefab50000 - 0x000007fefacb1000 	C:\Windows\system32\WindowsCodecs.dll
0x000007fefcda0000 - 0x000007fefcdf7000 	C:\Windows\system32\apphelp.dll
0x000007fef7680000 - 0x000007fef76b5000 	C:\Windows\system32\EhStorShell.dll
0x000007fefecd0000 - 0x000007fefeea7000 	C:\Windows\system32\SETUPAPI.dll
0x000007fefd120000 - 0x000007fefd156000 	C:\Windows\system32\CFGMGR32.dll
0x000007fefd1a0000 - 0x000007fefd1ba000 	C:\Windows\system32\DEVOBJ.dll
0x000007fefb8b0000 - 0x000007fefb9dc000 	C:\Windows\system32\PROPSYS.dll
0x000007fef85a0000 - 0x000007fef85a9000 	C:\Program Files (x86)\Internet Download Manager\IDMShellExt64.dll
0x000007fef6c30000 - 0x000007fef6cae000 	C:\Windows\System32\cscui.dll
0x000007fef8590000 - 0x000007fef859c000 	C:\Windows\System32\CSCDLL.dll
0x000007fef6c20000 - 0x000007fef6c2f000 	C:\Windows\system32\CSCAPI.dll
0x000007fef6ba0000 - 0x000007fef6c20000 	C:\Windows\system32\ntshrui.dll
0x000007fefc990000 - 0x000007fefc9b3000 	C:\Windows\system32\srvcli.dll
0x000007fefa550000 - 0x000007fefa55b000 	C:\Windows\system32\slc.dll
0x000000006e950000 - 0x000000006e969000 	C:\Program Files\Java\jdk1.7.0_51\jre\bin\net.dll
0x000007fefc9c0000 - 0x000007fefc9c7000 	C:\Windows\System32\wship6.dll
0x000000006e930000 - 0x000000006e941000 	C:\Program Files\Java\jdk1.7.0_51\jre\bin\nio.dll
0x000000006e790000 - 0x000000006e7d1000 	C:\Program Files\Java\jdk1.7.0_51\jre\bin\t2k.dll
0x000000006b0c0000 - 0x000000006b13c000 	C:\Users\User\AppData\Local\Temp\sqlite-3.6.20.1-sqlitejdbc.dll
0x000007fef1b90000 - 0x000007fef1ba5000 	C:\Program Files (x86)\SafePCRepair_89\bar\1.bin\89brstub64.dll
0x000000006b1b0000 - 0x000000006b1da000 	C:\Program Files\Java\jdk1.7.0_51\jre\bin\dcpr.dll
0x000007feee960000 - 0x000007feeea85000 	C:\Windows\system32\dbghelp.dll

VM Arguments:
jvm_args: -Dfile.encoding=UTF-8 
java_command: Table
Launcher Type: SUN_STANDARD

Environment Variables:
JAVA_HOME=C:\Program Files (x86)\Java\jdk1.7.0\bin
PATH=c:\Program Files (x86)\Intel\iCLS Client\;c:\Program Files\Intel\iCLS Client\;C:\Windows\system32;C:\Windows;C:\Windows\System32\Wbem;C:\Windows\System32\WindowsPowerShell\v1.0\;C:\Program Files (x86)\Hewlett-Packard\HP ProtectTools Security Manager\Bin\;C:\Program Files (x86)\Intel\OpenCL SDK\2.0\bin\x86;C:\Program Files (x86)\Intel\OpenCL SDK\2.0\bin\x64;C:\Program Files (x86)\Java\jre7\bin\java.exe;C:\Program Files (x86)\Java\jre7\bin\javaw.exe;C:\Program Files\Intel\Intel(R) Management Engine Components\DAL;C:\Program Files\Intel\Intel(R) Management Engine Components\IPT;C:\Program Files (x86)\Intel\Intel(R) Management Engine Components\DAL;C:\Program Files (x86)\Intel\Intel(R) Management Engine Components\IPT;c:\Program Files (x86)\Microsoft SQL Server\100\Tools\Binn\;c:\Program Files\Microsoft SQL Server\100\Tools\Binn\;c:\Program Files\Microsoft SQL Server\100\DTS\Binn\;C:\Program Files (x86)\Java\jre7\bin;C:\Program Files (x86)\Java\jdk1.7.0\bin
USERNAME=User
OS=Windows_NT
PROCESSOR_IDENTIFIER=Intel64 Family 6 Model 58 Stepping 9, GenuineIntel



---------------  S Y S T E M  ---------------

OS: Windows 7 , 64 bit Build 7601 Service Pack 1

CPU:total 4 (2 cores per cpu, 2 threads per core) family 6 model 58 stepping 9, cmov, cx8, fxsr, mmx, sse, sse2, sse3, ssse3, sse4.1, sse4.2, popcnt, avx, aes, erms, ht, tsc, tscinvbit, tscinv

Memory: 4k page, physical 4072004k(303236k free), swap 8142148k(3713144k free)

vm_info: Java HotSpot(TM) 64-Bit Server VM (24.51-b03) for windows-amd64 JRE (1.7.0_51-b13), built on Dec 18 2013 18:40:56 by "java_re" with unknown MS VC++:1600

time: Mon Sep 15 01:08:56 2014
elapsed time: 5 seconds

