#
# A fatal error has been detected by the Java Runtime Environment:
#
#  EXCEPTION_ACCESS_VIOLATION (0xc0000005) at pc=0x00000000625eb2ac, pid=17576, tid=16892
#
# JRE version: Java(TM) SE Runtime Environment (7.0_51-b13) (build 1.7.0_51-b13)
# Java VM: Java HotSpot(TM) 64-Bit Server VM (24.51-b03 mixed mode windows-amd64 compressed oops)
# Problematic frame:
# V  [jvm.dll+0x11b2ac]
#
# Failed to write core dump. Minidumps are not enabled by default on client versions of Windows
#
# If you would like to submit a bug report, please visit:
#   http://bugreport.sun.com/bugreport/crash.jsp
#

---------------  T H R E A D  ---------------

Current thread (0x000000000a5f7800):  JavaThread "AWT-EventQueue-0" [_thread_in_vm, id=16892, stack(0x000000000af90000,0x000000000b090000)]

siginfo: ExceptionCode=0xc0000005, reading address 0x0000000000000000

Registers:
RAX=0x0000000000000000, RBX=0x000000000a5f7800, RCX=0x0000000000000780, RDX=0x0000000000000000
RSP=0x000000000b08cbb0, RBP=0x000000000064e2e8, RSI=0x0000000000000000, RDI=0x0000000000000000
R8 =0x0000000000000000, R9 =0x00000000eb848d28, R10=0x0000000000000002, R11=0x0000000062c1ba20
R12=0x000000000b08cd28, R13=0x00000000bd518c20, R14=0x0000000000000000, R15=0x000000000a5f7800
RIP=0x00000000625eb2ac, EFLAGS=0x0000000000010246

Top of Stack: (sp=0x000000000b08cbb0)
0x000000000b08cbb0:   000000000b08cb99 0000000800000001
0x000000000b08cbc0:   00000000025d0f00 000000006b0c1599
0x000000000b08cbd0:   000000000a5f7800 0000000000000000
0x000000000b08cbe0:   000000000855ab80 000000006296d91f
0x000000000b08cbf0:   000000000b08cd28 00000000bd518c20
0x000000000b08cc00:   000000000b08cd28 000000006b0c2050
0x000000000b08cc10:   000000000a5f79e8 000000000064e2e8
0x000000000b08cc20:   00000000bd579f98 0000000000000000
0x000000000b08cc30:   0000000008539f00 0000000000000001
0x000000000b08cc40:   00000000ebc1fe58 00000000029f1a38
0x000000000b08cc50:   00000000bd518c28 00000000bd579f98
0x000000000b08cc60:   0000000000000000 000000000b08cd00
0x000000000b08cc70:   0000000000000000 0000000002993acf
0x000000000b08cc80:   000000000b08cc80 00000000bd560869
0x000000000b08cc90:   000000000b08ccd0 00000000bd567468
0x000000000b08cca0:   0000000000000000 00000000bd560880 

Instructions: (pc=0x00000000625eb2ac)
0x00000000625eb28c:   00 00 06 00 00 00 48 89 5c 24 20 48 89 7c 24 28
0x00000000625eb29c:   48 39 7b 08 74 0a 48 8d 4c 24 20 e8 24 fc 10 00
0x00000000625eb2ac:   48 8b 36 48 8b ce e8 b9 90 f3 ff 40 38 3d c2 19
0x00000000625eb2bc:   63 00 4c 63 e0 74 0a 33 c9 e8 06 d3 12 00 48 8b 


Register to memory mapping:

RAX=0x0000000000000000 is an unknown value
RBX=0x000000000a5f7800 is a thread
RCX=0x0000000000000780 is an unknown value
RDX=0x0000000000000000 is an unknown value
RSP=0x000000000b08cbb0 is pointing into the stack for thread: 0x000000000a5f7800
RBP=0x000000000064e2e8 is an unknown value
RSI=0x0000000000000000 is an unknown value
RDI=0x0000000000000000 is an unknown value
R8 =0x0000000000000000 is an unknown value
R9 =0x00000000eb848d28 is an oop
org.sqlite.NativeDB 
 - klass: 'org/sqlite/NativeDB'
R10=0x0000000000000002 is an unknown value
R11=0x0000000062c1ba20 is an unknown value
R12=0x000000000b08cd28 is pointing into the stack for thread: 0x000000000a5f7800
R13=0x00000000bd518c20 is pointing into object: 0x00000000bd518be0
{constMethod} 
 - klass: {other class}
 - constants:       0x00000000bd517e48 constant pool [128] for 'org/sqlite/NativeDB' cache=0x00000000bd5222d8
R14=0x0000000000000000 is an unknown value
R15=0x000000000a5f7800 is a thread


Stack: [0x000000000af90000,0x000000000b090000],  sp=0x000000000b08cbb0,  free space=1010k
Native frames: (J=compiled Java code, j=interpreted, Vv=VM code, C=native code)
V  [jvm.dll+0x11b2ac]

Java frames: (J=compiled Java code, j=interpreted, Vv=VM code)
j  org.sqlite.NativeDB.prepare(Ljava/lang/String;)J+0
j  org.sqlite.DB.prepare(Lorg/sqlite/Stmt;)V+21
j  org.sqlite.PrepStmt.<init>(Lorg/sqlite/Conn;Ljava/lang/String;)V+15
j  org.sqlite.Conn.prepareStatement(Ljava/lang/String;III)Ljava/sql/PreparedStatement;+14
j  org.sqlite.Conn.prepareStatement(Ljava/lang/String;II)Ljava/sql/PreparedStatement;+5
j  org.sqlite.Conn.prepareStatement(Ljava/lang/String;)Ljava/sql/PreparedStatement;+8
j  Table.SearchKeyReleased(Ljava/awt/event/KeyEvent;)V+30
j  Table.access$700(LTable;Ljava/awt/event/KeyEvent;)V+2
j  Table$8.keyReleased(Ljava/awt/event/KeyEvent;)V+5
j  java.awt.Component.processKeyEvent(Ljava/awt/event/KeyEvent;)V+62
j  javax.swing.JComponent.processKeyEvent(Ljava/awt/event/KeyEvent;)V+2
j  java.awt.Component.processEvent(Ljava/awt/AWTEvent;)V+121
j  java.awt.Container.processEvent(Ljava/awt/AWTEvent;)V+18
j  java.awt.Component.dispatchEventImpl(Ljava/awt/AWTEvent;)V+581
j  java.awt.Container.dispatchEventImpl(Ljava/awt/AWTEvent;)V+42
j  java.awt.Component.dispatchEvent(Ljava/awt/AWTEvent;)V+2
j  java.awt.KeyboardFocusManager.redispatchEvent(Ljava/awt/Component;Ljava/awt/AWTEvent;)V+7
j  java.awt.DefaultKeyboardFocusManager.dispatchKeyEvent(Ljava/awt/event/KeyEvent;)Z+63
j  java.awt.DefaultKeyboardFocusManager.preDispatchKeyEvent(Ljava/awt/event/KeyEvent;)Z+140
j  java.awt.DefaultKeyboardFocusManager.typeAheadAssertions(Ljava/awt/Component;Ljava/awt/AWTEvent;)Z+154
j  java.awt.DefaultKeyboardFocusManager.dispatchEvent(Ljava/awt/AWTEvent;)Z+1548
j  java.awt.Component.dispatchEventImpl(Ljava/awt/AWTEvent;)V+144
j  java.awt.Container.dispatchEventImpl(Ljava/awt/AWTEvent;)V+42
j  java.awt.Window.dispatchEventImpl(Ljava/awt/AWTEvent;)V+19
j  java.awt.Component.dispatchEvent(Ljava/awt/AWTEvent;)V+2
j  java.awt.EventQueue.dispatchEventImpl(Ljava/awt/AWTEvent;Ljava/lang/Object;)V+41
j  java.awt.EventQueue.access$200(Ljava/awt/EventQueue;Ljava/awt/AWTEvent;Ljava/lang/Object;)V+3
j  java.awt.EventQueue$3.run()Ljava/lang/Void;+12
j  java.awt.EventQueue$3.run()Ljava/lang/Object;+1
v  ~StubRoutines::call_stub
j  java.security.AccessController.doPrivileged(Ljava/security/PrivilegedAction;Ljava/security/AccessControlContext;)Ljava/lang/Object;+0
j  java.security.ProtectionDomain$1.doIntersectionPrivilege(Ljava/security/PrivilegedAction;Ljava/security/AccessControlContext;Ljava/security/AccessControlContext;)Ljava/lang/Object;+28
j  java.security.ProtectionDomain$1.doIntersectionPrivilege(Ljava/security/PrivilegedAction;Ljava/security/AccessControlContext;)Ljava/lang/Object;+6
j  java.awt.EventQueue$4.run()Ljava/lang/Void;+11
j  java.awt.EventQueue$4.run()Ljava/lang/Object;+1
v  ~StubRoutines::call_stub
j  java.security.AccessController.doPrivileged(Ljava/security/PrivilegedAction;Ljava/security/AccessControlContext;)Ljava/lang/Object;+0
j  java.security.ProtectionDomain$1.doIntersectionPrivilege(Ljava/security/PrivilegedAction;Ljava/security/AccessControlContext;Ljava/security/AccessControlContext;)Ljava/lang/Object;+28
j  java.awt.EventQueue.dispatchEvent(Ljava/awt/AWTEvent;)V+73
j  java.awt.EventDispatchThread.pumpOneEventForFilters(I)V+245
j  java.awt.EventDispatchThread.pumpEventsForFilter(ILjava/awt/Conditional;Ljava/awt/EventFilter;)V+35
j  java.awt.EventDispatchThread.pumpEventsForHierarchy(ILjava/awt/Conditional;Ljava/awt/Component;)V+11
j  java.awt.EventDispatchThread.pumpEvents(ILjava/awt/Conditional;)V+4
j  java.awt.EventDispatchThread.pumpEvents(Ljava/awt/Conditional;)V+3
j  java.awt.EventDispatchThread.run()V+9
v  ~StubRoutines::call_stub

---------------  P R O C E S S  ---------------

Java Threads: ( => current thread )
  0x000000000a78e800 JavaThread "TimerQueue" daemon [_thread_blocked, id=18016, stack(0x000000000ccc0000,0x000000000cdc0000)]
  0x00000000003de000 JavaThread "DestroyJavaVM" [_thread_blocked, id=17880, stack(0x0000000002880000,0x0000000002980000)]
=>0x000000000a5f7800 JavaThread "AWT-EventQueue-0" [_thread_in_vm, id=16892, stack(0x000000000af90000,0x000000000b090000)]
  0x000000000a449800 JavaThread "AWT-Windows" daemon [_thread_in_native, id=17472, stack(0x000000000a230000,0x000000000a330000)]
  0x000000000a43f000 JavaThread "AWT-Shutdown" [_thread_blocked, id=17920, stack(0x000000000a9a0000,0x000000000aaa0000)]
  0x000000000a43e800 JavaThread "Java2D Disposer" daemon [_thread_blocked, id=17900, stack(0x000000000a830000,0x000000000a930000)]
  0x0000000008545800 JavaThread "Service Thread" daemon [_thread_blocked, id=17860, stack(0x000000000a100000,0x000000000a200000)]
  0x0000000008544000 JavaThread "C2 CompilerThread1" daemon [_thread_blocked, id=17760, stack(0x0000000009f10000,0x000000000a010000)]
  0x000000000853e800 JavaThread "C2 CompilerThread0" daemon [_thread_blocked, id=17480, stack(0x0000000009c70000,0x0000000009d70000)]
  0x000000000853d000 JavaThread "Attach Listener" daemon [_thread_blocked, id=17632, stack(0x0000000009ad0000,0x0000000009bd0000)]
  0x0000000008536000 JavaThread "Signal Dispatcher" daemon [_thread_blocked, id=17496, stack(0x0000000009970000,0x0000000009a70000)]
  0x00000000084e8000 JavaThread "Finalizer" daemon [_thread_blocked, id=17516, stack(0x0000000001df0000,0x0000000001ef0000)]
  0x00000000084dd000 JavaThread "Reference Handler" daemon [_thread_blocked, id=5172, stack(0x00000000097d0000,0x00000000098d0000)]

Other Threads:
  0x00000000084d9000 VMThread [stack: 0x00000000095f0000,0x00000000096f0000] [id=17904]
  0x0000000008557000 WatcherThread [stack: 0x000000000a330000,0x000000000a430000] [id=8816]

VM state:not at safepoint (normal execution)

VM Mutex/Monitor currently owned by a thread: None

Heap
 PSYoungGen      total 18944K, used 8387K [0x00000000eb400000, 0x00000000ec900000, 0x0000000100000000)
  eden space 16384K, 51% used [0x00000000eb400000,0x00000000ebc30d48,0x00000000ec400000)
  from space 2560K, 0% used [0x00000000ec680000,0x00000000ec680000,0x00000000ec900000)
  to   space 2560K, 0% used [0x00000000ec400000,0x00000000ec400000,0x00000000ec680000)
 ParOldGen       total 42496K, used 0K [0x00000000c1c00000, 0x00000000c4580000, 0x00000000eb400000)
  object space 42496K, 0% used [0x00000000c1c00000,0x00000000c1c00000,0x00000000c4580000)
 PSPermGen       total 21504K, used 12507K [0x00000000bca00000, 0x00000000bdf00000, 0x00000000c1c00000)
  object space 21504K, 58% used [0x00000000bca00000,0x00000000bd636c08,0x00000000bdf00000)

Card table byte_map: [0x0000000005980000,0x0000000005ba0000] byte_map_base: 0x000000000539b000

Polling page: 0x0000000000300000

Code Cache  [0x0000000002980000, 0x0000000002bf0000, 0x0000000005980000)
 total_blobs=487 nmethods=54 adapters=385 free_code_cache=48549Kb largest_free_block=49681472

Compilation events (10 events):
Event: 0.691 Thread 0x0000000008544000   50             java.awt.LinearGradientPaintContext::fillRaster (97 bytes)
Event: 0.698 Thread 0x0000000008544000 nmethod 50 0x0000000002a17e10 code [0x0000000002a17fa0, 0x0000000002a185b8]
Event: 0.715 Thread 0x000000000853e800   51             sun.java2d.loops.SurfaceType::getUniqueID (5 bytes)
Event: 0.716 Thread 0x000000000853e800 nmethod 51 0x0000000002a14c10 code [0x0000000002a14d40, 0x0000000002a14d98]
Event: 1.306 Thread 0x0000000008544000   53             java.util.ArrayList::elementData (7 bytes)
Event: 1.306 Thread 0x000000000853e800   52             java.util.ArrayList::rangeCheck (22 bytes)
Event: 1.306 Thread 0x000000000853e800 nmethod 52 0x0000000002a13790 code [0x0000000002a138c0, 0x0000000002a13938]
Event: 1.306 Thread 0x0000000008544000 nmethod 53 0x0000000002a13510 code [0x0000000002a13640, 0x0000000002a136d8]
Event: 1.718 Thread 0x000000000853e800   54             java.util.ArrayList::get (11 bytes)
Event: 1.720 Thread 0x000000000853e800 nmethod 54 0x0000000002a131d0 code [0x0000000002a13300, 0x0000000002a13398]

GC Heap History (0 events):
No events

Deoptimization events (6 events):
Event: 0.431 Thread 0x000000000a5f7800 Uncommon trap: reason=class_check action=maybe_recompile pc=0x00000000029f32c4 method=java.lang.String.equals(Ljava/lang/Object;)Z @ 8
Event: 0.434 Thread 0x000000000a5f7800 Uncommon trap: reason=class_check action=maybe_recompile pc=0x00000000029f32c4 method=java.lang.String.equals(Ljava/lang/Object;)Z @ 8
Event: 0.553 Thread 0x000000000a5f7800 Uncommon trap: reason=unloaded action=reinterpret pc=0x0000000002a0b6a4 method=org.sqlite.SQLiteJDBCLoader.md5sum(Ljava/io/InputStream;)Ljava/lang/String; @ 35
Event: 0.553 Thread 0x000000000a5f7800 Uncommon trap: reason=unreached action=reinterpret pc=0x0000000002a0c29c method=sun.security.provider.DigestBase.engineUpdate(B)V @ 4
Event: 0.622 Thread 0x000000000a5f7800 Uncommon trap: reason=class_check action=maybe_recompile pc=0x00000000029f32c4 method=java.lang.String.equals(Ljava/lang/Object;)Z @ 8
Event: 0.622 Thread 0x000000000a5f7800 Uncommon trap: reason=class_check action=maybe_recompile pc=0x00000000029f32c4 method=java.lang.String.equals(Ljava/lang/Object;)Z @ 8

Internal exceptions (10 events):
Event: 0.453 Thread 0x000000000a5f7800 Threw 0x00000000eb8043d0 at C:\re\jdk7u51\527\hotspot\src\share\vm\prims\jvm.cpp:1244
Event: 0.453 Thread 0x000000000a5f7800 Threw 0x00000000eb80a098 at C:\re\jdk7u51\527\hotspot\src\share\vm\prims\jvm.cpp:1244
Event: 0.455 Thread 0x000000000a5f7800 Threw 0x00000000eb811840 at C:\re\jdk7u51\527\hotspot\src\share\vm\prims\jvm.cpp:1244
Event: 0.553 Thread 0x000000000a5f7800 Implicit null exception at 0x0000000002a0bc34 to 0x0000000002a0c279
Event: 0.610 Thread 0x000000000a5f7800 Threw 0x00000000eb846f28 at C:\re\jdk7u51\527\hotspot\src\share\vm\prims\jvm.cpp:1244
Event: 0.611 Thread 0x000000000a5f7800 Threw 0x00000000eb849c60 at C:\re\jdk7u51\527\hotspot\src\share\vm\prims\jvm.cpp:1244
Event: 0.612 Thread 0x000000000a5f7800 Threw 0x00000000eb851930 at C:\re\jdk7u51\527\hotspot\src\share\vm\prims\jvm.cpp:1244
Event: 0.614 Thread 0x000000000a5f7800 Threw 0x00000000eb85c160 at C:\re\jdk7u51\527\hotspot\src\share\vm\prims\jvm.cpp:1244
Event: 0.616 Thread 0x000000000a5f7800 Threw 0x00000000eb867aa0 at C:\re\jdk7u51\527\hotspot\src\share\vm\prims\jvm.cpp:1244
Event: 0.618 Thread 0x000000000a5f7800 Threw 0x00000000eb870ef8 at C:\re\jdk7u51\527\hotspot\src\share\vm\prims\jvm.cpp:1244

Events (10 events):
Event: 2.624 loading class 0x000000000a5104c0
Event: 2.624 loading class 0x000000000a5104c0 done
Event: 2.624 loading class 0x000000000a511fb0
Event: 2.625 loading class 0x000000000a511fb0 done
Event: 2.625 loading class 0x000000000a511680
Event: 2.625 loading class 0x000000000a511680 done
Event: 2.625 loading class 0x000000000a673f30
Event: 2.625 loading class 0x000000000a673f30 done
Event: 2.625 loading class 0x000000000a673f60
Event: 2.625 loading class 0x000000000a673f60 done


Dynamic libraries:
0x000000013fab0000 - 0x000000013fae3000 	C:\Program Files\Java\jdk1.7.0_51\bin\java.exe
0x00000000771e0000 - 0x0000000077389000 	C:\Windows\SYSTEM32\ntdll.dll
0x0000000076fc0000 - 0x00000000770df000 	C:\Windows\system32\kernel32.dll
0x000007fefd0b0000 - 0x000007fefd11c000 	C:\Windows\system32\KERNELBASE.dll
0x000007fefe660000 - 0x000007fefe73b000 	C:\Windows\system32\ADVAPI32.dll
0x000007feff040000 - 0x000007feff0df000 	C:\Windows\system32\msvcrt.dll
0x000007fefeeb0000 - 0x000007fefeecf000 	C:\Windows\SYSTEM32\sechost.dll
0x000007feff2b0000 - 0x000007feff3dd000 	C:\Windows\system32\RPCRT4.dll
0x00000000770e0000 - 0x00000000771da000 	C:\Windows\system32\USER32.dll
0x000007feff0e0000 - 0x000007feff147000 	C:\Windows\system32\GDI32.dll
0x000007fefd8b0000 - 0x000007fefd8be000 	C:\Windows\system32\LPK.dll
0x000007fefe740000 - 0x000007fefe809000 	C:\Windows\system32\USP10.dll
0x000007fefbaa0000 - 0x000007fefbc94000 	C:\Windows\WinSxS\amd64_microsoft.windows.common-controls_6595b64144ccf1df_6.0.7601.17514_none_fa396087175ac9ac\COMCTL32.dll
0x000007fefd830000 - 0x000007fefd8a1000 	C:\Windows\system32\SHLWAPI.dll
0x000007fefea10000 - 0x000007fefea3e000 	C:\Windows\system32\IMM32.DLL
0x000007feff3e0000 - 0x000007feff4e9000 	C:\Windows\system32\MSCTF.dll
0x000000006e7e0000 - 0x000000006e8b2000 	C:\Program Files\Java\jdk1.7.0_51\jre\bin\msvcr100.dll
0x00000000624d0000 - 0x0000000062c99000 	C:\Program Files\Java\jdk1.7.0_51\jre\bin\server\jvm.dll
0x000007fef9ff0000 - 0x000007fef9ff9000 	C:\Windows\system32\WSOCK32.dll
0x000007fefefd0000 - 0x000007feff01d000 	C:\Windows\system32\WS2_32.dll
0x000007fefe650000 - 0x000007fefe658000 	C:\Windows\system32\NSI.dll
0x000007fefba30000 - 0x000007fefba6b000 	C:\Windows\system32\WINMM.dll
0x00000000773a0000 - 0x00000000773a7000 	C:\Windows\system32\PSAPI.DLL
0x000000006f100000 - 0x000000006f10f000 	C:\Program Files\Java\jdk1.7.0_51\jre\bin\verify.dll
0x000000006e970000 - 0x000000006e998000 	C:\Program Files\Java\jdk1.7.0_51\jre\bin\java.dll
0x000000006f070000 - 0x000000006f085000 	C:\Program Files\Java\jdk1.7.0_51\jre\bin\zip.dll
0x000000006b1e0000 - 0x000000006b375000 	C:\Program Files\Java\jdk1.7.0_51\jre\bin\awt.dll
0x000007fefe930000 - 0x000007fefea07000 	C:\Windows\system32\OLEAUT32.dll
0x000007fefd620000 - 0x000007fefd823000 	C:\Windows\system32\ole32.dll
0x000007fefb850000 - 0x000007fefb8a6000 	C:\Windows\system32\uxtheme.dll
0x0000000180000000 - 0x00000001800f5000 	C:\Windows\system32\pmls64.dll
0x000007fef9e00000 - 0x000007fef9e54000 	C:\Windows\system32\OLEACC.dll
0x000007fefd3f0000 - 0x000007fefd61d000 	C:\Windows\system32\WININET.dll
0x000007fefd340000 - 0x000007fefd344000 	C:\Windows\system32\api-ms-win-downlevel-user32-l1-1-0.dll
0x000007fefd170000 - 0x000007fefd175000 	C:\Windows\system32\api-ms-win-downlevel-advapi32-l1-1-0.dll
0x000007fefd180000 - 0x000007fefd184000 	C:\Windows\system32\api-ms-win-downlevel-shlwapi-l1-1-0.dll
0x000007fefd1c0000 - 0x000007fefd1c4000 	C:\Windows\system32\api-ms-win-downlevel-version-l1-1-0.dll
0x000007fefc280000 - 0x000007fefc28c000 	C:\Windows\system32\version.DLL
0x000007fefd190000 - 0x000007fefd193000 	C:\Windows\system32\api-ms-win-downlevel-normaliz-l1-1-0.dll
0x00000000773b0000 - 0x00000000773b3000 	C:\Windows\system32\normaliz.DLL
0x000007fefea40000 - 0x000007fefeccc000 	C:\Windows\system32\iertutil.dll
0x000007fefb400000 - 0x000007fefb42d000 	C:\Windows\system32\ntmarta.dll
0x000007fefef70000 - 0x000007fefefc2000 	C:\Windows\system32\WLDAP32.dll
0x000007fef4eb0000 - 0x000007fef4f85000 	C:\Program Files\Hewlett-Packard\HP ProtectTools Security Manager\Bin\DpoFeedb.dll
0x000007fefc300000 - 0x000007fefc31e000 	C:\Windows\system32\USERENV.dll
0x000007fefcfc0000 - 0x000007fefcfcf000 	C:\Windows\system32\profapi.dll
0x000007fefc530000 - 0x000007fefc588000 	C:\Windows\system32\Schannel.dll
0x000007fefcd60000 - 0x000007fefcd85000 	C:\Windows\system32\SspiCli.dll
0x000007fefd1d0000 - 0x000007fefd33c000 	C:\Windows\system32\CRYPT32.dll
0x000007fefd060000 - 0x000007fefd06f000 	C:\Windows\system32\MSASN1.dll
0x000007fef1ec0000 - 0x000007fef1ee8000 	C:\Program Files (x86)\Common Files\Spigot\Search Settings\wthx187.dll
0x000007fefd8c0000 - 0x000007fefe648000 	C:\Windows\system32\Shell32.dll
0x000007fefc730000 - 0x000007fefc785000 	C:\Windows\system32\mswsock.dll
0x000007fefc070000 - 0x000007fefc077000 	C:\Windows\System32\wshtcpip.dll
0x000007fefaf00000 - 0x000007fefaf18000 	C:\Windows\system32\dwmapi.dll
0x000007fefcfb0000 - 0x000007fefcfbf000 	C:\Windows\system32\CRYPTBASE.dll
0x000007fef4e50000 - 0x000007fef4ea7000 	C:\Program Files\Hewlett-Packard\HP ProtectTools Security Manager\Bin\DpoSet.dll
0x000000006e8e0000 - 0x000000006e927000 	C:\Program Files\Java\jdk1.7.0_51\jre\bin\fontmanager.dll
0x000007fef3eb0000 - 0x000007fef3efe000 	C:\Program Files (x86)\SafePCRepair_89\bar\1.bin\AppIntegratorStub64.dll
0x000007fefeed0000 - 0x000007fefef69000 	C:\Windows\system32\CLBCatQ.DLL
0x000007fefab50000 - 0x000007fefacb1000 	C:\Windows\system32\WindowsCodecs.dll
0x000007fefcda0000 - 0x000007fefcdf7000 	C:\Windows\system32\apphelp.dll
0x000007fef7680000 - 0x000007fef76b5000 	C:\Windows\system32\EhStorShell.dll
0x000007fefecd0000 - 0x000007fefeea7000 	C:\Windows\system32\SETUPAPI.dll
0x000007fefd120000 - 0x000007fefd156000 	C:\Windows\system32\CFGMGR32.dll
0x000007fefd1a0000 - 0x000007fefd1ba000 	C:\Windows\system32\DEVOBJ.dll
0x000007fefb8b0000 - 0x000007fefb9dc000 	C:\Windows\system32\PROPSYS.dll
0x000007fef85a0000 - 0x000007fef85a9000 	C:\Program Files (x86)\Internet Download Manager\IDMShellExt64.dll
0x000007fef6c30000 - 0x000007fef6cae000 	C:\Windows\System32\cscui.dll
0x000007fef8590000 - 0x000007fef859c000 	C:\Windows\System32\CSCDLL.dll
0x000007fef6c20000 - 0x000007fef6c2f000 	C:\Windows\system32\CSCAPI.dll
0x000007fef6ba0000 - 0x000007fef6c20000 	C:\Windows\system32\ntshrui.dll
0x000007fefc990000 - 0x000007fefc9b3000 	C:\Windows\system32\srvcli.dll
0x000007fefa550000 - 0x000007fefa55b000 	C:\Windows\system32\slc.dll
0x000000006e950000 - 0x000000006e969000 	C:\Program Files\Java\jdk1.7.0_51\jre\bin\net.dll
0x000007fefc9c0000 - 0x000007fefc9c7000 	C:\Windows\System32\wship6.dll
0x000000006e930000 - 0x000000006e941000 	C:\Program Files\Java\jdk1.7.0_51\jre\bin\nio.dll
0x000000006e790000 - 0x000000006e7d1000 	C:\Program Files\Java\jdk1.7.0_51\jre\bin\t2k.dll
0x000000006b0c0000 - 0x000000006b13c000 	C:\Users\User\AppData\Local\Temp\sqlite-3.6.20.1-sqlitejdbc.dll
0x000007fef1b90000 - 0x000007fef1ba5000 	C:\Program Files (x86)\SafePCRepair_89\bar\1.bin\89brstub64.dll
0x000000006b1b0000 - 0x000000006b1da000 	C:\Program Files\Java\jdk1.7.0_51\jre\bin\dcpr.dll
0x000007feee960000 - 0x000007feeea85000 	C:\Windows\system32\dbghelp.dll

VM Arguments:
jvm_args: -Dfile.encoding=UTF-8 
java_command: Table
Launcher Type: SUN_STANDARD

Environment Variables:
JAVA_HOME=C:\Program Files (x86)\Java\jdk1.7.0\bin
PATH=c:\Program Files (x86)\Intel\iCLS Client\;c:\Program Files\Intel\iCLS Client\;C:\Windows\system32;C:\Windows;C:\Windows\System32\Wbem;C:\Windows\System32\WindowsPowerShell\v1.0\;C:\Program Files (x86)\Hewlett-Packard\HP ProtectTools Security Manager\Bin\;C:\Program Files (x86)\Intel\OpenCL SDK\2.0\bin\x86;C:\Program Files (x86)\Intel\OpenCL SDK\2.0\bin\x64;C:\Program Files (x86)\Java\jre7\bin\java.exe;C:\Program Files (x86)\Java\jre7\bin\javaw.exe;C:\Program Files\Intel\Intel(R) Management Engine Components\DAL;C:\Program Files\Intel\Intel(R) Management Engine Components\IPT;C:\Program Files (x86)\Intel\Intel(R) Management Engine Components\DAL;C:\Program Files (x86)\Intel\Intel(R) Management Engine Components\IPT;c:\Program Files (x86)\Microsoft SQL Server\100\Tools\Binn\;c:\Program Files\Microsoft SQL Server\100\Tools\Binn\;c:\Program Files\Microsoft SQL Server\100\DTS\Binn\;C:\Program Files (x86)\Java\jre7\bin;C:\Program Files (x86)\Java\jdk1.7.0\bin
USERNAME=User
OS=Windows_NT
PROCESSOR_IDENTIFIER=Intel64 Family 6 Model 58 Stepping 9, GenuineIntel



---------------  S Y S T E M  ---------------

OS: Windows 7 , 64 bit Build 7601 Service Pack 1

CPU:total 4 (2 cores per cpu, 2 threads per core) family 6 model 58 stepping 9, cmov, cx8, fxsr, mmx, sse, sse2, sse3, ssse3, sse4.1, sse4.2, popcnt, avx, aes, erms, ht, tsc, tscinvbit, tscinv

Memory: 4k page, physical 4072004k(345080k free), swap 8142148k(3867256k free)

vm_info: Java HotSpot(TM) 64-Bit Server VM (24.51-b03) for windows-amd64 JRE (1.7.0_51-b13), built on Dec 18 2013 18:40:56 by "java_re" with unknown MS VC++:1600

time: Mon Sep 15 01:09:08 2014
elapsed time: 2 seconds

